<?xml version="1.0" encoding="UTF-8"?>
<!-- Generated by org.testng.reporters.JUnitReportReporter -->
<testsuite hostname="Riya" failures="0" tests="2" name="com.forkandfeast.tests.searchtest" time="20.729" errors="0" timestamp="2025-05-13T18:41:32 IST" skipped="0">
  <testcase classname="com.forkandfeast.tests.searchtest" name="testSearch" time="12.032"/>
  <testcase classname="com.forkandfeast.tests.searchtest" name="testLogin" time="8.697"/>
</testsuite> <!-- com.forkandfeast.tests.searchtest -->
