<?xml version="1.0" encoding="UTF-8"?>
<!-- Generated by org.testng.reporters.JUnitReportReporter -->
<testsuite hostname="Riya" failures="0" tests="1" name="com.forkandfeast.tests.logintest" time="5.684" errors="0" timestamp="2025-05-05T13:31:07 IST" skipped="0">
  <testcase classname="com.forkandfeast.tests.logintest" name="testLogin" time="5.684"/>
</testsuite> <!-- com.forkandfeast.tests.logintest -->
